session id new session id :  session id : rkl135feh34rbpfi57j4qkrv2f session user-id: 162022-02-27 20:51:37
is_logged : 1
is_logged : 1
is_admin 1
connection succesfull 2022-02-27 20:51:37
is_logged : 1
session id new session id :  session id : rkl135feh34rbpfi57j4qkrv2f session user-id: 162022-02-27 20:51:45
is_logged : 1
is_logged : 1
is_admin 1
connection succesfull 2022-02-27 20:51:45
is_logged : 1
php_session id session id :  rkl135feh34rbpfi57j4qkrv2f session user-id: 16 2022-02-27 20:51:54
is_logged : 1
is_logged : 1
is_admin 1
 A les droits pour accéder à la page admin catégories 2022-02-27 20:51:54
php_session id session id :  rkl135feh34rbpfi57j4qkrv2f session user-id: 16 2022-02-27 20:51:54
is_logged : 1
is_logged : 1
is_admin 1
 A les droits pour accéder à la page admin catégories 2022-02-27 20:51:54
php_session id session id :  rkl135feh34rbpfi57j4qkrv2f session user-id: 16 2022-02-27 20:51:56
is_logged : 1
is_logged : 1
is_admin 1
 A les droits pour accéder à la page admin catégories 2022-02-27 20:51:56
connection succesfull 2022-02-27 20:51:56
php_session id session id :  rkl135feh34rbpfi57j4qkrv2f session user-id: 16 2022-02-27 20:51:59
is_logged : 1
is_logged : 1
is_admin 1
 A les droits pour accéder à la page admin catégories 2022-02-27 20:51:59
connection succesfull 2022-02-27 20:51:59
php_session id session id :  rkl135feh34rbpfi57j4qkrv2f session user-id: 16 2022-02-27 20:52:20
is_logged : 1
is_logged : 1
is_admin 1
 A les droits pour accéder à la page admin catégories 2022-02-27 20:52:20
connection succesfull 2022-02-27 20:52:20
connection succesfull 2022-02-27 20:52:20
php_session id session id :  rkl135feh34rbpfi57j4qkrv2f session user-id: 16 2022-02-27 20:52:23
is_logged : 1
is_logged : 1
is_admin 1
 A les droits pour accéder à la page admin catégories 2022-02-27 20:52:23
connection succesfull 2022-02-27 20:52:23
php_session id session id :  rkl135feh34rbpfi57j4qkrv2f session user-id: 16 2022-02-27 20:52:40
is_logged : 1
is_logged : 1
is_admin 1
 A les droits pour accéder à la page admin catégories 2022-02-27 20:52:40
connection succesfull 2022-02-27 20:52:40
php_session id session id :  rkl135feh34rbpfi57j4qkrv2f session user-id: 16 2022-02-27 20:52:41
is_logged : 1
is_logged : 1
is_admin 1
 A les droits pour accéder à la page admin catégories 2022-02-27 20:52:41
connection succesfull 2022-02-27 20:52:41
connection succesfull 2022-02-27 20:52:42
php_session id session id :  rkl135feh34rbpfi57j4qkrv2f session user-id: 16 2022-02-27 20:52:46
is_logged : 1
is_logged : 1
is_admin 1
 A les droits pour accéder à la page admin catégories 2022-02-27 20:52:46
connection succesfull 2022-02-27 20:52:46
connection succesfull 2022-02-27 20:52:46
connection succesfull 2022-02-27 20:52:47
php_session id session id :  rkl135feh34rbpfi57j4qkrv2f session user-id: 16 2022-02-27 20:52:47
is_logged : 1
is_logged : 1
is_admin 1
 A les droits pour accéder à la page admin catégories 2022-02-27 20:52:47
connection succesfull 2022-02-27 20:52:47
php_session id session id :  rkl135feh34rbpfi57j4qkrv2f session user-id: 16 2022-02-27 20:52:52
is_logged : 1
is_logged : 1
is_admin 1
 A les droits pour accéder à la page admin catégories 2022-02-27 20:52:52
connection succesfull 2022-02-27 20:52:52
connection succesfull 2022-02-27 20:52:52
php_session id session id :  rkl135feh34rbpfi57j4qkrv2f session user-id: 16 2022-02-27 20:52:53
is_logged : 1
is_logged : 1
is_admin 1
 A les droits pour accéder à la page admin catégories 2022-02-27 20:52:53
connection succesfull 2022-02-27 20:52:53
php_session id session id :  rkl135feh34rbpfi57j4qkrv2f session user-id: 16 2022-02-27 20:53:02
is_logged : 1
is_logged : 1
is_admin 1
 A les droits pour accéder à la page admin catégories 2022-02-27 20:53:02
connection succesfull 2022-02-27 20:53:02
php_session id session id :  rkl135feh34rbpfi57j4qkrv2f session user-id: 16 2022-02-27 20:53:03
is_logged : 1
is_logged : 1
is_admin 1
 A les droits pour accéder à la page admin catégories 2022-02-27 20:53:03
connection succesfull 2022-02-27 20:53:03
php_session id session id :  rkl135feh34rbpfi57j4qkrv2f session user-id: 16 2022-02-27 20:53:09
is_logged : 1
is_logged : 1
is_admin 1
 A les droits pour accéder à la page admin catégories 2022-02-27 20:53:09
connection succesfull 2022-02-27 20:53:09
connection succesfull 2022-02-27 20:53:09
php_session id session id :  rkl135feh34rbpfi57j4qkrv2f session user-id: 16 2022-02-27 20:53:10
is_logged : 1
is_logged : 1
is_admin 1
 A les droits pour accéder à la page admin catégories 2022-02-27 20:53:10
connection succesfull 2022-02-27 20:53:10
php_session id session id :  rkl135feh34rbpfi57j4qkrv2f session user-id: 16 2022-02-27 20:53:14
is_logged : 1
is_logged : 1
is_admin 1
 A les droits pour accéder à la page admin catégories 2022-02-27 20:53:14
connection succesfull 2022-02-27 20:53:14
connection succesfull 2022-02-27 20:53:16
connection succesfull 2022-02-27 20:53:16
php_session id session id :  rkl135feh34rbpfi57j4qkrv2f session user-id: 16 2022-02-27 20:53:16
is_logged : 1
is_logged : 1
is_admin 1
 A les droits pour accéder à la page admin catégories 2022-02-27 20:53:16
connection succesfull 2022-02-27 20:53:16
connection succesfull 2022-02-27 20:53:16
connection succesfull 2022-02-27 20:53:16
connection succesfull 2022-02-27 20:53:20
connection succesfull 2022-02-27 20:53:20
php_session id session id :  rkl135feh34rbpfi57j4qkrv2f session user-id: 16 2022-02-27 20:53:20
is_logged : 1
is_logged : 1
is_admin 1
 A les droits pour accéder à la page admin catégories 2022-02-27 20:53:20
connection succesfull 2022-02-27 20:53:20
connection succesfull 2022-02-27 20:53:20
connection succesfull 2022-02-27 20:53:20
connection succesfull 2022-02-27 20:53:20
php_session id session id :  rkl135feh34rbpfi57j4qkrv2f session user-id: 16 2022-02-27 20:53:20
is_logged : 1
is_logged : 1
is_admin 1
 A les droits pour accéder à la page admin catégories 2022-02-27 20:53:20
connection succesfull 2022-02-27 20:53:20
php_session id session id :  rkl135feh34rbpfi57j4qkrv2f session user-id: 16 2022-02-27 20:53:23
is_logged : 1
is_logged : 1
is_admin 1
 A les droits pour accéder à la page admin catégories 2022-02-27 20:53:23
connection succesfull 2022-02-27 20:53:23
php_session id session id :  rkl135feh34rbpfi57j4qkrv2f session user-id: 16 2022-02-27 20:53:24
is_logged : 1
is_logged : 1
is_admin 1
 A les droits pour accéder à la page admin catégories 2022-02-27 20:53:24
connection succesfull 2022-02-27 20:53:24
php_session id session id :  rkl135feh34rbpfi57j4qkrv2f session user-id: 16 2022-02-27 20:53:25
is_logged : 1
is_logged : 1
is_admin 1
 A les droits pour accéder à la page admin catégories 2022-02-27 20:53:25
connection succesfull 2022-02-27 20:53:25
php_session id session id :  rkl135feh34rbpfi57j4qkrv2f session user-id: 16 2022-02-27 20:53:29
is_logged : 1
is_logged : 1
is_admin 1
 A les droits pour accéder à la page admin catégories 2022-02-27 20:53:29
connection succesfull 2022-02-27 20:53:29
php_session id session id :  rkl135feh34rbpfi57j4qkrv2f session user-id: 16 2022-02-27 20:53:32
is_logged : 1
is_logged : 1
is_admin 1
 A les droits pour accéder à la page admin catégories 2022-02-27 20:53:32
php_session id session id :  rkl135feh34rbpfi57j4qkrv2f session user-id: 16 2022-02-27 20:53:53
is_logged : 1
is_logged : 1
is_admin 1
 A les droits pour accéder à la page admin catégories 2022-02-27 20:53:53
connection succesfull 2022-02-27 20:53:53
connection succesfull 2022-02-27 20:53:54
php_session id session id :  rkl135feh34rbpfi57j4qkrv2f session user-id: 16 2022-02-27 20:53:54
is_logged : 1
is_logged : 1
is_admin 1
 A les droits pour accéder à la page admin catégories 2022-02-27 20:53:54
connection succesfull 2022-02-27 20:53:54
php_session id session id :  rkl135feh34rbpfi57j4qkrv2f session user-id: 16 2022-02-27 20:53:59
is_logged : 1
is_logged : 1
is_admin 1
 A les droits pour accéder à la page admin catégories 2022-02-27 20:53:59
connection succesfull 2022-02-27 20:53:59
php_session id session id :  rkl135feh34rbpfi57j4qkrv2f session user-id: 16 2022-02-27 20:54:00
is_logged : 1
is_logged : 1
is_admin 1
 A les droits pour accéder à la page admin catégories 2022-02-27 20:54:00
connection succesfull 2022-02-27 20:54:00
php_session id session id :  rkl135feh34rbpfi57j4qkrv2f session user-id: 16 2022-02-27 20:54:10
is_logged : 1
is_logged : 1
is_admin 1
 A les droits pour accéder à la page admin catégories 2022-02-27 20:54:10
connection succesfull 2022-02-27 20:54:10
connection succesfull 2022-02-27 20:54:10
connection succesfull 2022-02-27 20:54:11
php_session id session id :  rkl135feh34rbpfi57j4qkrv2f session user-id: 16 2022-02-27 20:54:11
is_logged : 1
is_logged : 1
is_admin 1
 A les droits pour accéder à la page admin catégories 2022-02-27 20:54:11
connection succesfull 2022-02-27 20:54:11
php_session id session id :  rkl135feh34rbpfi57j4qkrv2f session user-id: 16 2022-02-27 20:54:16
is_logged : 1
is_logged : 1
is_admin 1
 A les droits pour accéder à la page admin catégories 2022-02-27 20:54:16
connection succesfull 2022-02-27 20:54:16
php_session id session id :  rkl135feh34rbpfi57j4qkrv2f session user-id: 16 2022-02-27 20:54:16
is_logged : 1
is_logged : 1
is_admin 1
 A les droits pour accéder à la page admin catégories 2022-02-27 20:54:16
connection succesfull 2022-02-27 20:54:16
session id new session id :  session id : rkl135feh34rbpfi57j4qkrv2f session user-id: 162022-02-27 20:54:24
is_logged : 1
is_logged : 1
is_admin 1
connection succesfull 2022-02-27 20:54:24
is_logged : 1
session id new session id :  session id : rkl135feh34rbpfi57j4qkrv2f session user-id: 162022-02-27 20:54:29
is_logged : 1
is_logged : 1
is_admin 1
connection succesfull 2022-02-27 20:54:29
is_logged : 1
connection succesfull 2022-02-27 20:54:29
connection succesfull 2022-02-27 20:54:29
connection succesfull 2022-02-27 20:54:29
connection succesfull 2022-02-27 20:54:29
connection succesfull 2022-02-27 20:54:29
connection succesfull 2022-02-27 20:54:29
connection succesfull 2022-02-27 20:54:29
connection succesfull 2022-02-27 20:54:29
session id new session id :  session id : rkl135feh34rbpfi57j4qkrv2f session user-id: 162022-02-27 20:54:34
is_logged : 1
is_logged : 1
is_admin 1
connection succesfull 2022-02-27 20:54:34
is_logged : 1
connection succesfull 2022-02-27 20:54:34
connection succesfull 2022-02-27 20:54:34
connection succesfull 2022-02-27 20:54:34
connection succesfull 2022-02-27 20:54:34
connection succesfull 2022-02-27 20:54:34
connection succesfull 2022-02-27 20:54:34
connection succesfull 2022-02-27 20:54:34
connection succesfull 2022-02-27 20:54:34
connection succesfull 2022-02-27 20:54:34
connection succesfull 2022-02-27 20:54:34
connection succesfull 2022-02-27 20:54:34
connection succesfull 2022-02-27 20:54:34
connection succesfull 2022-02-27 20:54:34
connection succesfull 2022-02-27 20:54:34
connection succesfull 2022-02-27 20:54:34
connection succesfull 2022-02-27 20:54:34
connection succesfull 2022-02-27 20:54:34
connection succesfull 2022-02-27 20:54:34
connection succesfull 2022-02-27 20:54:35
connection succesfull 2022-02-27 20:54:35
connection succesfull 2022-02-27 20:54:35
connection succesfull 2022-02-27 20:54:35
connection succesfull 2022-02-27 20:54:35
connection succesfull 2022-02-27 20:54:35
connection succesfull 2022-02-27 20:54:35
connection succesfull 2022-02-27 20:54:35
session id new session id :  session id : rkl135feh34rbpfi57j4qkrv2f session user-id: 162022-02-27 20:56:21
is_logged : 1
is_logged : 1
is_admin 1
is_logged : 1
is_logged : 1
is_admin 1
php_session id session id :  rkl135feh34rbpfi57j4qkrv2f session user-id: 16 2022-02-27 20:56:21
session id new session id :  session id : rkl135feh34rbpfi57j4qkrv2f session user-id: 2022-02-27 20:56:21
is_not_logged : 
is_not_logged : 
non_loggé, donc non admin
connection succesfull 2022-02-27 20:56:21
is_not_logged : 
is_not_logged : 
is_not_logged : 
php_session id session id :  rkl135feh34rbpfi57j4qkrv2f session user-id:  2022-02-27 20:56:21
is_not_logged : 
is_not_logged : 
non_loggé, donc non admin
connection succesfull 2022-02-27 20:56:21
is_not_logged : 
is_not_logged : 
is_not_logged : 
php_session id session id :  rkl135feh34rbpfi57j4qkrv2f session user-id:  2022-02-27 20:56:27
is_not_logged : 
is_not_logged : 
non_loggé, donc non admin
connection succesfull 2022-02-27 20:56:27
is_not_logged : 
session id new session id :  session id : rkl135feh34rbpfi57j4qkrv2f session user-id: 2022-02-27 20:56:32
is_not_logged : 
is_not_logged : 
non_loggé, donc non admin
connection succesfull 2022-02-27 20:56:32
is_not_logged : 
is_not_logged : 
is_not_logged : 
php_session id session id :  rkl135feh34rbpfi57j4qkrv2f session user-id:  2022-02-27 20:56:40
is_not_logged : 
is_not_logged : 
non_loggé, donc non admin
connection succesfull 2022-02-27 20:56:40
is_not_logged : 
connection succesfull 2022-02-27 20:56:54
my_password_verify No results matching your search 2022-02-27 20:56:54
is_not_logged : 
is_not_logged : 
php_session id session id :  rkl135feh34rbpfi57j4qkrv2f session user-id:  2022-02-27 20:56:54
is_not_logged : 
is_not_logged : 
non_loggé, donc non admin
connection succesfull 2022-02-27 20:56:54
is_not_logged : 
connection succesfull 2022-02-27 20:56:54
my_password_verify No results matching your search 2022-02-27 20:56:54
session id new session id :  session id : rkl135feh34rbpfi57j4qkrv2f session user-id: 2022-02-27 20:57:22
is_not_logged : 
is_not_logged : 
non_loggé, donc non admin
connection succesfull 2022-02-27 20:57:22
is_not_logged : 
is_not_logged : 
php_session id session id :  rkl135feh34rbpfi57j4qkrv2f session user-id:  2022-02-27 20:57:55
is_not_logged : 
is_not_logged : 
non_loggé, donc non admin
connection succesfull 2022-02-27 20:57:55
is_not_logged : 
php_session id session id :  rkl135feh34rbpfi57j4qkrv2f session user-id:  2022-02-27 20:57:55
is_not_logged : 
is_not_logged : 
php_session id session id :  rkl135feh34rbpfi57j4qkrv2f session user-id:  2022-02-27 20:58:09
is_not_logged : 
is_not_logged : 
non_loggé, donc non admin
connection succesfull 2022-02-27 20:58:09
is_not_logged : 
is_not_logged : 
php_session id session id :  rkl135feh34rbpfi57j4qkrv2f session user-id:  2022-02-27 20:58:12
is_not_logged : 
is_not_logged : 
non_loggé, donc non admin
connection succesfull 2022-02-27 20:58:12
is_not_logged : 
php_session id session id :  rkl135feh34rbpfi57j4qkrv2f session user-id:  2022-02-27 20:58:12
is_not_logged : 
is_not_logged : 
php_session id session id :  rkl135feh34rbpfi57j4qkrv2f session user-id:  2022-02-27 20:58:28
is_not_logged : 
is_not_logged : 
non_loggé, donc non admin
connection succesfull 2022-02-27 20:58:28
is_not_logged : 
